---
layout: single
title:  "Windows Kernel Exploitation ( hevd )   "
date:   2020-01-01
toc: true
toc_label: solutions
toc_sticky: true
classes: wide

---


## Stack overflow


<script src="https://gist.github.com/0x43434343/719c9ec37ad3ef85e779e8fe09f6cabe.js"></script>


<img src="{{ site.url }}{{ site.baseurl }}/assets/images/stack.jpg" alt="">



## Integer Overflow



```c

kd> r
eax=00000003 ebx=ffffffff ecx=002d0000 edx=00000020 esi=00000800 edi=00000000
eip=95366a7d esp=898a329c ebp=898a3ad0 iopl=0         nv up ei ng nz na pe cy
cs=0008  ss=0010  ds=0023  es=0023  fs=0030  gs=0000             efl=00000287
HEVD!TriggerIntegerOverflow+0xa9:
95366a7d 8bc3            mov     eax,ebx
kd> p
HEVD!TriggerIntegerOverflow+0xab:
95366a7f c1e802          shr     eax,2
kd> r eax
eax=ffffffff
kd> p
HEVD!TriggerIntegerOverflow+0xae:
95366a82 3bf8            cmp     edi,eax
kd> r eax
eax=3fffffff



kd> .trap 0xffffffff898a2ad4
ErrCode = 00000010
eax=00000000 ebx=00000000 ecx=41414141 edx=82883636 esi=00000000 edi=00000000
eip=41414141 esp=898a2b48 ebp=898a2b68 iopl=0         nv up ei pl zr na pe nc
cs=0008  ss=0010  ds=0023  es=0023  fs=0030  gs=0000             efl=00010246
41414141 ??              ???


```


## UAF 

...


## Uninitialized Heap Variable 

...

## Type Confusion

.. 

## Uninitialized Stack Variable

